

times in msec
 clock   self+sourced   self:  sourced script
 clock   elapsed:              other lines

000.006  000.006: --- VIM STARTING ---
000.100  000.094: Allocated generic buffers
000.447  000.347: locale set
000.466  000.019: GUI prepared
000.469  000.003: clipboard setup
000.477  000.008: window checked
001.314  000.837: inits 1
001.324  000.010: parsing arguments
006.167  004.843: expanding arguments
009.045  002.878: shell init
009.411  000.366: Termcap init
009.449  000.038: inits 2
012.098  002.649: init highlight
012.781  000.553  000.553: sourcing $VIM/vimrc
015.292  002.318  002.318: sourcing /Users/wainwb01/.vim/autoload/plug.vim
028.363  000.325  000.325: sourcing /Users/wainwb01/.vim/plugged/vim-cucumber/ftdetect/cucumber.vim
028.764  000.264  000.264: sourcing /Users/wainwb01/.vim/plugged/vim-fugitive/ftdetect/fugitive.vim
029.225  000.321  000.321: sourcing /Users/wainwb01/.vim/plugged/plantuml-syntax/ftdetect/plantuml.vim
029.635  000.297  000.297: sourcing /Users/wainwb01/.vim/plugged/vim-mustache-handlebars/ftdetect/mustache.vim
030.146  000.339  000.339: sourcing /Users/wainwb01/.vim/plugged/vim-coffee-script/ftdetect/coffee.vim
030.512  000.309  000.309: sourcing /Users/wainwb01/.vim/plugged/vim-coffee-script/ftdetect/vim-literate-coffeescript.vim
030.995  000.285  000.285: sourcing /Users/wainwb01/.vim/plugged/Dockerfile.vim/ftdetect/docker-compose.vim
031.351  000.304  000.304: sourcing /Users/wainwb01/.vim/plugged/Dockerfile.vim/ftdetect/Dockerfile.vim
031.791  000.290  000.290: sourcing /Users/wainwb01/.vim/plugged/ultisnips/ftdetect/snippets.vim
032.212  000.283  000.283: sourcing /Users/wainwb01/.vim/plugged/Jenkinsfile-vim-syntax/ftdetect/Jenkinsfile.vim
032.662  000.278  000.278: sourcing /Users/wainwb01/.vim/plugged/vim-markdown/ftdetect/markdown.vim
033.075  000.296  000.296: sourcing /Users/wainwb01/.vim/plugged/vim-node/ftdetect/node.vim
033.298  011.403  007.812: sourcing /Applications/MacVim.app/Contents/Resources/vim/runtime/filetype.vim
034.081  000.358  000.358: sourcing /Applications/MacVim.app/Contents/Resources/vim/runtime/ftplugin.vim
034.807  000.321  000.321: sourcing /Applications/MacVim.app/Contents/Resources/vim/runtime/indent.vim
036.789  000.523  000.523: sourcing /Applications/MacVim.app/Contents/Resources/vim/runtime/syntax/syncolor.vim
036.925  001.334  000.811: sourcing /Applications/MacVim.app/Contents/Resources/vim/runtime/syntax/synload.vim
036.956  002.036  000.702: sourcing /Applications/MacVim.app/Contents/Resources/vim/runtime/syntax/syntax.vim
037.959  000.581  000.581: sourcing /Applications/MacVim.app/Contents/Resources/vim/runtime/syntax/nosyntax.vim
038.899  000.136  000.136: sourcing /Applications/MacVim.app/Contents/Resources/vim/runtime/syntax/syncolor.vim
039.022  000.661  000.525: sourcing /Applications/MacVim.app/Contents/Resources/vim/runtime/syntax/synload.vim
039.051  001.739  000.497: sourcing /Applications/MacVim.app/Contents/Resources/vim/runtime/syntax/syntax.vim
039.451  000.027  000.027: sourcing /Applications/MacVim.app/Contents/Resources/vim/runtime/filetype.vim
039.874  000.016  000.016: sourcing /Applications/MacVim.app/Contents/Resources/vim/runtime/ftplugin.vim
040.289  000.016  000.016: sourcing /Applications/MacVim.app/Contents/Resources/vim/runtime/indent.vim
041.767  000.205  000.205: sourcing /Applications/MacVim.app/Contents/Resources/vim/runtime/syntax/syncolor.vim
048.775  000.220  000.220: sourcing /Applications/MacVim.app/Contents/Resources/vim/runtime/syntax/syncolor.vim
049.472  000.185  000.185: sourcing /Applications/MacVim.app/Contents/Resources/vim/runtime/syntax/syncolor.vim
050.051  009.532  008.922: sourcing /Users/wainwb01/.vim/colors/Monokai.vim
050.972  000.197  000.197: sourcing /Applications/MacVim.app/Contents/Resources/vim/runtime/syntax/syncolor.vim
051.839  000.317  000.317: sourcing /Applications/MacVim.app/Contents/Resources/vim/runtime/syntax/syncolor.vim
052.444  002.288  001.774: sourcing /Users/wainwb01/.vim/colors/monokai.vim
053.039  040.200  010.146: sourcing $HOME/.vimrc
053.151  000.300: sourcing vimrc file(s)
089.294  035.713  035.713: sourcing /Users/wainwb01/.vim/plugged/git-log/plugin/gitlog.vim
089.789  000.310  000.310: sourcing /Users/wainwb01/.vim/plugged/rainbow_parentheses.vim/plugin/rainbow_parentheses.vim
091.160  001.226  001.226: sourcing /Users/wainwb01/.vim/plugged/fzf.vim/plugin/fzf.vim
092.218  000.920  000.920: sourcing /usr/local/opt/fzf/plugin/fzf.vim
093.571  000.519  000.519: sourcing /Users/wainwb01/.vim/plugged/vim-gitgutter/autoload/gitgutter/utility.vim
094.379  000.375  000.375: sourcing /Users/wainwb01/.vim/plugged/vim-gitgutter/autoload/gitgutter/highlight.vim
095.134  002.760  001.866: sourcing /Users/wainwb01/.vim/plugged/vim-gitgutter/plugin/gitgutter.vim
096.072  000.752  000.752: sourcing /Users/wainwb01/.vim/plugged/vim-surround/plugin/surround.vim
096.742  000.513  000.513: sourcing /Users/wainwb01/.vim/plugged/vim-tmux-navigator/plugin/tmux_navigator.vim
097.598  000.615  000.615: sourcing /Users/wainwb01/.vim/plugged/vim-fugitive/plugin/fugitive.vim
098.222  000.472  000.472: sourcing /Users/wainwb01/.vim/plugged/vim-commentary/plugin/commentary.vim
104.121  005.742  005.742: sourcing /Users/wainwb01/.vim/plugged/vim-easymotion/plugin/EasyMotion.vim
105.538  000.419  000.419: sourcing /Users/wainwb01/.vim/plugged/nerdtree/autoload/nerdtree.vim
107.152  000.795  000.795: sourcing /Users/wainwb01/.vim/plugged/nerdtree/lib/nerdtree/path.vim
107.785  000.446  000.446: sourcing /Users/wainwb01/.vim/plugged/nerdtree/lib/nerdtree/menu_controller.vim
108.400  000.352  000.352: sourcing /Users/wainwb01/.vim/plugged/nerdtree/lib/nerdtree/menu_item.vim
108.981  000.404  000.404: sourcing /Users/wainwb01/.vim/plugged/nerdtree/lib/nerdtree/key_map.vim
109.679  000.514  000.514: sourcing /Users/wainwb01/.vim/plugged/nerdtree/lib/nerdtree/bookmark.vim
110.482  000.614  000.614: sourcing /Users/wainwb01/.vim/plugged/nerdtree/lib/nerdtree/tree_file_node.vim
111.618  000.905  000.905: sourcing /Users/wainwb01/.vim/plugged/nerdtree/lib/nerdtree/tree_dir_node.vim
112.430  000.545  000.545: sourcing /Users/wainwb01/.vim/plugged/nerdtree/lib/nerdtree/opener.vim
113.119  000.517  000.517: sourcing /Users/wainwb01/.vim/plugged/nerdtree/lib/nerdtree/creator.vim
113.588  000.288  000.288: sourcing /Users/wainwb01/.vim/plugged/nerdtree/lib/nerdtree/flag_set.vim
114.161  000.386  000.386: sourcing /Users/wainwb01/.vim/plugged/nerdtree/lib/nerdtree/nerdtree.vim
115.118  000.610  000.610: sourcing /Users/wainwb01/.vim/plugged/nerdtree/lib/nerdtree/ui.vim
115.576  000.281  000.281: sourcing /Users/wainwb01/.vim/plugged/nerdtree/lib/nerdtree/event.vim
116.104  000.347  000.347: sourcing /Users/wainwb01/.vim/plugged/nerdtree/lib/nerdtree/notifier.vim
117.010  000.708  000.708: sourcing /Users/wainwb01/.vim/plugged/nerdtree/autoload/nerdtree/ui_glue.vim
120.285  000.509  000.509: sourcing /Users/wainwb01/.vim/plugged/nerdtree/nerdtree_plugin/exec_menuitem.vim
121.416  001.045  001.045: sourcing /Users/wainwb01/.vim/plugged/nerdtree/nerdtree_plugin/fs_menu.vim
122.415  000.817  000.817: sourcing /Users/wainwb01/.vim/plugged/vim-devicons/nerdtree_plugin/webdevicons.vim
123.173  018.852  008.350: sourcing /Users/wainwb01/.vim/plugged/nerdtree/plugin/NERD_tree.vim
125.078  000.795  000.795: sourcing /Users/wainwb01/.vim/plugged/AutoComplPop/autoload/acp.vim
125.431  002.101  001.306: sourcing /Users/wainwb01/.vim/plugged/AutoComplPop/plugin/acp.vim
127.924  002.287  002.287: sourcing /Users/wainwb01/.vim/plugged/vim-devicons/plugin/webdevicons.vim
128.483  000.364  000.364: sourcing /Users/wainwb01/.vim/plugged/patchreview-vim/plugin/patchreview.vim
129.790  000.577  000.577: sourcing /Users/wainwb01/.vim/plugged/vim-test/autoload/test.vim
130.543  001.907  001.330: sourcing /Users/wainwb01/.vim/plugged/vim-test/plugin/test.vim
132.068  000.455  000.455: sourcing /Users/wainwb01/.vim/plugged/ale/autoload/ale/events.vim
132.389  001.696  001.241: sourcing /Users/wainwb01/.vim/plugged/ale/plugin/ale.vim
133.217  000.668  000.668: sourcing /Users/wainwb01/.vim/plugged/vim-autoswap/plugin/autoswap.vim
135.581  002.123  002.123: sourcing /Users/wainwb01/.vim/plugged/vim-dispatch/plugin/dispatch.vim
136.319  000.593  000.593: sourcing /Users/wainwb01/.vim/plugged/gv.vim/plugin/gv.vim
136.933  000.460  000.460: sourcing /Users/wainwb01/.vim/plugged/vim-whiplash/plugin/whiplash.vim
141.477  000.345  000.345: sourcing /Users/wainwb01/.vim/plugged/ultisnips/autoload/UltiSnips/map_keys.vim
141.589  004.504  004.159: sourcing /Users/wainwb01/.vim/plugged/ultisnips/plugin/UltiSnips.vim
142.037  000.292  000.292: sourcing /Users/wainwb01/.vim/plugged/vim-snippets/plugin/vimsnippets.vim
154.888  012.621  012.621: sourcing /Users/wainwb01/.vim/plugged/vim-unimpaired/plugin/unimpaired.vim
155.587  000.495  000.495: sourcing /Users/wainwb01/.vim/plugged/vimux/plugin/vimux.vim
156.077  000.339  000.339: sourcing /Users/wainwb01/.vim/plugged/vim-projectroot/plugin/projectroot.vim
158.211  000.548  000.548: sourcing /Users/wainwb01/.vim/plugged/dash.vim/autoload/dash/defaults.vim
158.354  001.364  000.816: sourcing /Users/wainwb01/.vim/plugged/dash.vim/autoload/dash.vim
158.926  002.696  001.332: sourcing /Users/wainwb01/.vim/plugged/dash.vim/plugin/dash.vim
160.264  001.157  001.157: sourcing /Users/wainwb01/.vim/plugged/csapprox/plugin/CSApprox.vim
161.312  000.844  000.844: sourcing /Users/wainwb01/.vim/plugged/vim-node/plugin/node.vim
162.210  000.694  000.694: sourcing /Users/wainwb01/.vim/plugged/vim-vebugger/plugin/vebugger.vim
162.950  000.524  000.524: sourcing /Users/wainwb01/.vim/plugged/vimproc.vim/plugin/vimproc.vim
164.566  000.556  000.556: sourcing /Users/wainwb01/.vim/plugged/deoplete.nvim/autoload/deoplete.vim
164.776  001.634  001.078: sourcing /Users/wainwb01/.vim/plugged/deoplete.nvim/plugin/deoplete.vim
165.726  000.733  000.733: sourcing /Users/wainwb01/.vim/plugged/LanguageClient-neovim/plugin/LanguageClient.vim
166.799  000.519  000.519: sourcing /Applications/MacVim.app/Contents/Resources/vim/runtime/plugin/getscriptPlugin.vim
167.716  000.841  000.841: sourcing /Applications/MacVim.app/Contents/Resources/vim/runtime/plugin/gzip.vim
168.419  000.627  000.627: sourcing /Applications/MacVim.app/Contents/Resources/vim/runtime/plugin/logiPat.vim
168.977  000.494  000.494: sourcing /Applications/MacVim.app/Contents/Resources/vim/runtime/plugin/manpager.vim
169.894  000.840  000.840: sourcing /Applications/MacVim.app/Contents/Resources/vim/runtime/plugin/matchparen.vim
171.193  001.220  001.220: sourcing /Applications/MacVim.app/Contents/Resources/vim/runtime/plugin/netrwPlugin.vim
171.803  000.526  000.526: sourcing /Applications/MacVim.app/Contents/Resources/vim/runtime/plugin/rrhelper.vim
172.397  000.505  000.505: sourcing /Applications/MacVim.app/Contents/Resources/vim/runtime/plugin/spellfile.vim
173.236  000.756  000.756: sourcing /Applications/MacVim.app/Contents/Resources/vim/runtime/plugin/tarPlugin.vim
173.868  000.546  000.546: sourcing /Applications/MacVim.app/Contents/Resources/vim/runtime/plugin/tohtml.vim
174.718  000.765  000.765: sourcing /Applications/MacVim.app/Contents/Resources/vim/runtime/plugin/vimballPlugin.vim
175.614  000.803  000.803: sourcing /Applications/MacVim.app/Contents/Resources/vim/runtime/plugin/zipPlugin.vim
347.664  171.833  171.833: sourcing /Users/wainwb01/.vim/plugged/powerline/powerline/bindings/vim/plugin/powerline.vim
347.675  007.642: loading plugins
347.818  000.143: loading packages
348.554  000.480  000.480: sourcing /Users/wainwb01/.vim/plugged/ultisnips/after/plugin/UltiSnips_after.vim
365.468  000.038  000.038: sourcing /Applications/MacVim.app/Contents/Resources/vim/runtime/syntax/syncolor.vim
365.614  016.877  016.839: sourcing /Users/wainwb01/.vim/plugged/csapprox/after/plugin/CSApprox.vim
365.638  000.463: loading after plugins
365.647  000.009: inits 3
372.331  006.684: reading viminfo
372.357  000.026: setting raw mode
372.384  000.027: start termcap
372.417  000.033: clearing screen
373.739  000.629  000.629: sourcing /Users/wainwb01/.vim/plugged/ale/autoload/ale.vim
373.828  000.782: opening buffers
374.637  000.623  000.623: sourcing /Users/wainwb01/.vim/plugged/vim-gitgutter/autoload/gitgutter.vim
374.895  000.444: BufEnter autocommands
374.899  000.004: editing files in windows
380.889  005.528  005.528: sourcing /Users/wainwb01/.vim/plugged/vim-fugitive/autoload/fugitive.vim
382.881  000.631  000.631: sourcing /Users/wainwb01/.vim/plugged/vim-node/autoload/node.vim
384.448  000.782  000.782: sourcing /Users/wainwb01/.vim/plugged/deoplete.nvim/autoload/deoplete/init.vim
385.784  000.714  000.714: sourcing /Users/wainwb01/.vim/plugged/deoplete.nvim/autoload/deoplete/util.vim
386.979  000.570  000.570: sourcing /Users/wainwb01/.vim/plugged/vim-hug-neovim-rpc/autoload/neovim_rpc.vim
466.501  000.349  000.349: sourcing /Users/wainwb01/.vim/plugged/nvim-yarp/autoload/yarp.vim
467.690  000.685  000.685: sourcing /Users/wainwb01/.vim/plugged/nvim-yarp/autoload/yarp/core.vim
468.572  000.308  000.308: sourcing /Users/wainwb01/.vim/plugged/nvim-yarp/autoload/yarp/pyx.vim
611.864  000.836  000.836: sourcing /Users/wainwb01/.vim/plugged/deoplete.nvim/autoload/deoplete/custom.vim
1006.505  000.415  000.415: sourcing /Users/wainwb01/.vim/plugged/deoplete.nvim/autoload/deoplete/mapping.vim
1007.760  000.726  000.726: sourcing /Users/wainwb01/.vim/plugged/deoplete.nvim/autoload/deoplete/handler.vim
1008.561  623.118: VimEnter autocommands
1008.564  000.003: before starting main loop
1039.167  002.116  002.116: sourcing /Users/wainwb01/.vim/plugged/LanguageClient-neovim/autoload/LanguageClient.vim
1047.536  036.856: first screen update
1047.538  000.002: --- VIM STARTED ---
